35288.673 pause
35339.169 pause
35339.436 pause
35339.720 resume
35339.931 reset
35342.720 estimate 0.000 0.000 0.000
35342.940 estimate 0.000 0.000 0.000
35343.160 estimate 0.000 0.000 0.000
35343.380 estimate 0.000 0.000 0.000
35343.580 estimate 0.000 0.000 0.000
35343.781 estimate 0.000 0.000 0.000
35343.981 estimate 0.000 0.000 0.000
35344.201 estimate 0.000 0.000 0.000
35344.399 estimate 0.000 0.000 0.000
35344.600 estimate 0.000 0.000 0.000
35344.802 estimate 0.000 0.000 0.000
35345.019 estimate 0.000 0.000 0.000
35345.219 estimate 0.000 0.000 0.000
35345.439 estimate 0.000 0.000 0.000
35345.642 estimate 0.000 0.000 0.000
35345.841 estimate 0.000 0.000 0.000
35346.039 estimate 0.000 0.000 0.000
35346.259 estimate 0.000 0.000 0.000
35346.347 unlock
35346.459 estimate 0.000 0.000 0.000
35346.680 estimate 0.000 0.000 0.000
35346.880 estimate 0.000 0.000 0.000
35347.100 estimate 0.000 0.000 0.000
35347.301 estimate 0.015 0.000 0.002
35347.503 estimate 0.042 -0.004 0.012
35347.705 estimate 0.071 0.000 0.004
35347.927 estimate 0.101 -0.003 0.008
35348.146 estimate 0.116 0.001 0.036
35348.351 estimate 0.116 0.000 0.184
35348.567 estimate 0.114 -0.001 0.359
35348.767 estimate 0.110 -0.001 0.513
35348.987 estimate 0.112 -0.002 0.671
35349.205 estimate 0.112 -0.001 0.839
35349.404 estimate 0.110 0.004 0.990
35349.605 estimate 0.115 -0.001 1.163
35349.805 estimate 0.119 0.000 1.312
35350.025 estimate 0.115 0.004 1.470
35350.244 estimate 0.116 -0.001 1.582
35350.445 estimate 0.120 -0.002 1.575
35350.489 lock
35350.489 reset
35350.665 estimate 0.000 0.000 -0.000
35350.844 estimate 0.000 0.000 -0.000
35350.878 set_pose 0.000 0.000 -1.540
35351.059 estimate 0.000 0.000 -1.540
35351.264 estimate 0.000 0.000 -1.540
35351.379 unlock
35351.464 estimate 0.000 0.000 -1.540
35351.665 estimate -0.000 0.000 -1.540
35351.886 estimate 0.000 -0.000 -1.540
35352.107 estimate -0.008 -0.002 -1.576
35352.327 estimate -0.000 -0.005 -1.736
35352.545 estimate -0.000 0.003 -1.914
35352.767 estimate -0.006 -0.011 -2.103
35352.983 estimate -0.006 -0.011 -2.276
35353.205 estimate -0.008 -0.012 -2.433
35353.409 estimate 0.001 -0.009 -2.597
35353.627 estimate -0.001 -0.012 -2.775
35353.829 estimate 0.004 -0.001 -2.921
35354.048 estimate -0.002 -0.010 -3.085
35354.267 estimate 0.003 -0.015 3.013
35354.467 estimate -0.000 -0.012 2.864
35354.690 estimate -0.007 -0.009 2.712
35354.907 estimate -0.004 -0.009 2.526
35355.107 estimate -0.004 -0.016 2.353
35355.326 estimate -0.004 0.003 2.222
35355.528 estimate 0.001 -0.014 2.046
35355.724 estimate -0.004 -0.003 1.885
35355.929 estimate -0.000 -0.011 1.723
35356.144 estimate 0.002 -0.010 1.586
35356.345 estimate -0.002 -0.004 1.798
35356.563 estimate -0.003 -0.012 2.120
35356.783 estimate -0.006 -0.006 2.486
35357.002 estimate -0.011 -0.012 2.826
35357.203 estimate -0.011 -0.018 3.114
35357.424 estimate -0.013 -0.007 -3.058
35357.623 estimate -0.031 -0.009 -3.019
35357.822 estimate -0.048 -0.001 -3.000
35358.023 estimate -0.066 -0.010 -3.024
35358.223 estimate -0.095 -0.015 -3.039
35358.427 estimate -0.111 -0.019 -3.057
35358.627 estimate -0.115 -0.017 -3.054
35358.827 estimate -0.118 -0.017 -3.051
35359.024 estimate -0.124 -0.022 -2.830
35359.228 estimate -0.119 -0.014 -2.510
35359.427 estimate -0.125 -0.025 -2.200
35359.650 estimate -0.134 -0.027 -1.865
35359.848 estimate -0.127 -0.028 -1.508
35360.048 estimate -0.129 -0.043 -1.234
35360.268 estimate -0.120 -0.066 -1.154
35360.468 estimate -0.108 -0.094 -1.151
35360.666 estimate -0.104 -0.098 -1.136
35360.866 estimate -0.094 -0.115 -1.120
35361.068 estimate -0.094 -0.125 -1.152
35361.270 estimate -0.089 -0.133 -1.146
35361.467 estimate -0.086 -0.122 -1.103
35361.667 estimate -0.091 -0.130 -0.845
35361.865 estimate -0.092 -0.138 -0.518
35362.087 estimate -0.078 -0.129 -0.193
35362.304 estimate -0.083 -0.131 0.130
35362.526 estimate -0.087 -0.126 0.485
35362.746 estimate -0.072 -0.118 0.752
35362.962 estimate -0.056 -0.104 0.576
35363.161 estimate -0.046 -0.098 0.414
35363.362 estimate -0.020 -0.093 0.220
35363.562 estimate -0.003 -0.080 0.072
35363.762 estimate 0.027 -0.090 -0.093
35363.962 estimate 0.046 -0.089 -0.163
35364.167 estimate 0.053 -0.084 0.063
35364.366 estimate 0.058 -0.087 0.376
35364.567 estimate 0.057 -0.098 0.661
35364.784 estimate 0.056 -0.087 1.011
35364.986 estimate 0.055 -0.094 1.326
35365.199 estimate 0.057 -0.085 1.685
35365.402 estimate 0.053 -0.074 1.979
35365.626 estimate 0.044 -0.063 1.957
35365.847 estimate 0.040 -0.043 1.753
35366.047 estimate 0.034 -0.019 1.604
35366.246 estimate 0.034 -0.008 1.520
35366.445 estimate 0.039 0.001 1.443
35366.644 estimate 0.038 -0.012 1.447
35366.846 estimate 0.035 -0.009 1.661
35367.047 estimate 0.037 -0.016 1.956
35367.267 estimate 0.033 -0.012 2.298
35367.487 estimate 0.045 -0.014 2.650
35367.710 estimate 0.031 -0.014 2.949
35367.927 estimate 0.003 -0.011 2.886
35368.125 estimate 0.005 -0.011 2.831
35368.329 estimate 0.015 -0.018 2.850
35368.525 estimate 0.020 -0.015 2.983
35368.725 estimate -0.002 -0.006 -3.123
35368.942 estimate -0.031 -0.001 3.097
35369.143 estimate -0.049 -0.009 2.875
35369.343 estimate -0.072 0.003 2.700
35369.543 estimate -0.094 0.011 2.536
35369.742 estimate -0.115 0.037 2.372
35369.946 estimate -0.123 0.041 2.257
35370.141 estimate -0.111 0.030 2.276
35370.342 estimate -0.110 0.028 2.471
35370.544 estimate -0.120 0.029 2.724
35370.766 estimate -0.131 0.038 2.829
35370.985 estimate -0.127 0.038 2.852
35371.184 estimate -0.123 0.037 2.994
35371.382 estimate -0.148 0.036 3.138
35371.607 estimate -0.160 0.037 -3.055
35371.827 estimate -0.162 0.034 -3.084
35372.028 estimate -0.169 0.033 -3.033
35372.228 estimate -0.178 0.034 -3.012
35372.448 estimate -0.187 0.032 -3.028
35372.667 estimate -0.188 0.038 -3.030
35372.868 estimate -0.197 0.042 -3.026
35373.066 estimate -0.214 0.036 -3.034
35373.264 estimate -0.228 0.035 -3.048
35373.488 estimate -0.231 0.034 -3.070
35373.709 estimate -0.256 0.034 -3.082
35373.907 estimate -0.259 0.034 -3.086
35374.126 estimate -0.260 0.032 -3.100
35374.329 estimate -0.269 0.031 -3.114
35374.547 estimate -0.280 0.032 -3.106
35374.748 estimate -0.286 0.037 -3.092
35374.948 estimate -0.296 0.026 -3.108
35375.164 estimate -0.297 0.028 -3.100
35375.364 estimate -0.321 0.024 -3.109
35375.562 estimate -0.326 0.024 -3.120
35375.782 estimate -0.332 0.029 -3.135
35375.983 estimate -0.340 0.033 -3.119
35376.201 estimate -0.358 0.025 -3.127
35376.407 estimate -0.369 0.033 -3.127
35376.608 estimate -0.371 0.034 3.139
35376.811 estimate -0.381 0.033 3.138
35377.008 estimate -0.388 0.035 -3.133
35377.225 estimate -0.380 0.037 -3.134
35377.428 estimate -0.376 0.036 -2.945
35377.627 estimate -0.377 0.034 -2.598
35377.847 estimate -0.371 0.035 -2.281
35378.069 estimate -0.386 0.022 -1.907
35378.268 estimate -0.388 0.026 -1.649
35378.487 estimate -0.383 0.026 -1.678
35378.688 estimate -0.383 0.027 -1.637
35378.888 estimate -0.390 0.021 -1.370
35379.088 estimate -0.385 0.022 -1.038
35379.287 estimate -0.377 0.025 -0.747
35379.509 estimate -0.346 -0.009 -0.629
35379.707 estimate -0.323 -0.023 -0.629
35379.909 estimate -0.287 -0.049 -0.594
35380.108 estimate -0.265 -0.059 -0.630
35380.326 estimate -0.212 -0.096 -0.644
35380.529 estimate -0.194 -0.120 -0.718
35380.729 estimate -0.158 -0.125 -0.633
35380.929 estimate -0.151 -0.131 -0.565
35381.148 estimate -0.137 -0.138 -0.514
35381.368 estimate -0.137 -0.151 -0.657
35381.588 estimate -0.130 -0.169 -0.862
35381.785 estimate -0.115 -0.171 -0.910
35381.983 estimate -0.130 -0.168 -0.821
35382.183 estimate -0.131 -0.159 -0.507
35382.382 estimate -0.140 -0.178 -0.197
35382.599 estimate -0.120 -0.161 0.138
35382.805 estimate -0.123 -0.157 0.461
35383.027 estimate -0.136 -0.161 0.681
35383.248 estimate -0.088 -0.131 0.783
35383.448 estimate -0.073 -0.118 0.824
35383.648 estimate -0.060 -0.098 0.635
35383.847 estimate -0.032 -0.073 0.384
35384.046 estimate -0.007 -0.075 0.063
35384.246 estimate -0.010 -0.076 -0.128
35384.443 estimate -0.009 -0.076 -0.125
35384.665 estimate -0.001 -0.066 -0.381
35384.883 estimate -0.013 -0.070 -0.742
35385.084 estimate -0.010 -0.070 -1.017
35385.284 estimate -0.008 -0.073 -1.303
35385.484 estimate -0.004 -0.096 -1.399
35385.683 estimate -0.002 -0.097 -1.392
35385.884 estimate -0.004 -0.085 -1.347
35386.088 estimate -0.009 -0.079 -1.044
35386.307 estimate -0.006 -0.083 -0.713
35386.508 estimate -0.004 -0.087 -0.409
35386.728 estimate -0.003 -0.088 -0.075
35386.929 estimate 0.018 -0.085 0.174
35387.147 estimate 0.053 -0.076 0.332
35387.347 estimate 0.061 -0.070 0.225
35387.549 estimate 0.061 -0.070 0.475
35387.752 estimate 0.071 -0.069 0.798
35387.942 estimate 0.070 -0.069 1.109
35388.160 estimate 0.082 -0.071 1.431
35388.361 estimate 0.075 -0.060 1.760
35388.581 estimate 0.063 -0.050 1.954
35388.801 estimate 0.061 -0.026 1.759
35389.002 estimate 0.065 -0.012 1.635
35389.209 estimate 0.058 0.001 1.565
35389.406 estimate 0.063 0.005 1.486
35389.608 estimate 0.056 0.004 1.609
35389.807 estimate 0.059 0.003 1.940
35390.008 estimate 0.055 -0.004 2.259
35390.228 estimate 0.056 0.011 2.600
35390.446 estimate 0.054 0.008 2.948
35390.664 estimate 0.068 -0.001 -3.084
35390.892 estimate 0.047 0.001 3.119
35391.088 estimate 0.027 0.002 2.982
35391.290 estimate 0.041 0.003 3.020
35391.487 estimate 0.044 -0.004 3.071
35391.688 estimate 0.043 0.001 -3.056
35391.908 estimate 0.015 -0.004 -2.924
35392.129 estimate -0.020 -0.007 -3.077
35392.329 estimate -0.038 0.003 3.041
35392.524 estimate -0.055 0.004 2.865
35392.725 estimate -0.082 0.003 2.696
35392.924 estimate -0.099 0.018 2.502
35393.142 estimate -0.112 0.031 2.329
35393.344 estimate -0.119 0.036 2.200
35393.542 estimate -0.117 0.036 2.230
35393.744 estimate -0.122 0.041 2.459
35393.949 estimate -0.132 0.041 2.691
35394.167 estimate -0.131 0.044 2.749
35394.362 estimate -0.119 0.036 2.771
35394.564 estimate -0.129 0.040 2.919
35394.764 estimate -0.154 0.043 3.087
35394.964 estimate -0.183 0.042 -3.120
35395.182 estimate -0.223 0.043 -3.069
35395.384 estimate -0.259 0.038 -3.044
35395.588 estimate -0.303 0.034 -3.058
35395.788 estimate -0.333 0.029 -3.049
35395.988 estimate -0.362 0.033 -3.076
35396.189 estimate -0.364 0.024 -3.078
35396.385 estimate -0.384 0.016 -3.109
35396.587 estimate -0.399 0.016 -3.110
35396.808 estimate -0.410 0.027 -3.105
35397.009 estimate -0.398 0.028 -3.104
35397.207 estimate -0.400 0.027 -2.847
35397.405 estimate -0.393 0.027 -2.542
35397.607 estimate -0.397 0.023 -2.231
35397.807 estimate -0.392 0.024 -1.937
35398.027 estimate -0.404 0.024 -1.610
35398.248 estimate -0.392 0.019 -1.570
35398.448 estimate -0.393 0.004 -1.269
35398.648 estimate -0.397 0.025 -0.962
35398.867 estimate -0.380 0.013 -0.783
35399.067 estimate -0.379 0.012 -0.722
35399.269 estimate -0.366 -0.000 -0.556
35399.489 estimate -0.335 -0.020 -0.513
35399.707 estimate -0.301 -0.044 -0.608
35399.927 estimate -0.259 -0.064 -0.642
35400.147 estimate -0.244 -0.095 -0.709
35400.367 estimate -0.194 -0.113 -0.729
35400.563 estimate -0.181 -0.140 -0.793
35400.763 estimate -0.177 -0.148 -0.880
35400.963 estimate -0.159 -0.162 -0.932
